#! /c/Source/iverilog-install/bin/vvp
:ivl_version "12.0 (devel)" "(s20150603-1539-g2693dd32b)";
:ivl_delay_selection "TYPICAL";
:vpi_time_precision + 0;
:vpi_module "C:\iverilog\lib\ivl\system.vpi";
:vpi_module "C:\iverilog\lib\ivl\vhdl_sys.vpi";
:vpi_module "C:\iverilog\lib\ivl\vhdl_textio.vpi";
:vpi_module "C:\iverilog\lib\ivl\v2005_math.vpi";
:vpi_module "C:\iverilog\lib\ivl\va_math.vpi";
S_0000021c7e436660 .scope module, "UART_Rx" "UART_Rx" 2 1;
 .timescale 0 0;
    .port_info 0 /INPUT 1 "clk";
    .port_info 1 /INPUT 1 "reset";
    .port_info 2 /INPUT 1 "rx";
    .port_info 3 /INPUT 1 "baud_tick";
    .port_info 4 /OUTPUT 8 "data_out";
    .port_info 5 /OUTPUT 1 "rx_done";
    .port_info 6 /OUTPUT 1 "rx_busy";
P_0000021c7e4367f0 .param/l "DATA" 0 2 13, C4<010>;
P_0000021c7e436828 .param/l "IDLE" 0 2 11, C4<000>;
P_0000021c7e436860 .param/l "START" 0 2 12, C4<001>;
P_0000021c7e436898 .param/l "STOP" 0 2 14, C4<011>;
P_0000021c7e4368d0 .param/l "WAIT" 0 2 15, C4<100>;
o0000021c7e48cf98 .functor BUFZ 1, C4<z>; HiZ drive
v0000021c7e436ca0_0 .net "baud_tick", 0 0, o0000021c7e48cf98;  0 drivers
v0000021c7e43be90_0 .var "bit_counter", 2 0;
o0000021c7e48cff8 .functor BUFZ 1, C4<z>; HiZ drive
v0000021c7e436910_0 .net "clk", 0 0, o0000021c7e48cff8;  0 drivers
v0000021c7e4369b0_0 .var "current_state", 2 0;
v0000021c7e4831c0_0 .var "data_out", 7 0;
v0000021c7e483260_0 .var "next_state", 2 0;
o0000021c7e48d0b8 .functor BUFZ 1, C4<z>; HiZ drive
v0000021c7e483300_0 .net "reset", 0 0, o0000021c7e48d0b8;  0 drivers
o0000021c7e48d0e8 .functor BUFZ 1, C4<z>; HiZ drive
v0000021c7e4833a0_0 .net "rx", 0 0, o0000021c7e48d0e8;  0 drivers
v0000021c7e483440_0 .var "rx_busy", 0 0;
v0000021c7e4834e0_0 .var "rx_done", 0 0;
v0000021c7e483580_0 .var "rx_shift_reg", 7 0;
v0000021c7e483620_0 .var "sample_tick_counter", 3 0;
E_0000021c7e489e70/0 .event anyedge, v0000021c7e4369b0_0, v0000021c7e4833a0_0, v0000021c7e436ca0_0, v0000021c7e483620_0;
E_0000021c7e489e70/1 .event anyedge, v0000021c7e43be90_0;
E_0000021c7e489e70 .event/or E_0000021c7e489e70/0, E_0000021c7e489e70/1;
E_0000021c7e489e30 .event posedge, v0000021c7e483300_0, v0000021c7e436910_0;
    .scope S_0000021c7e436660;
T_0 ;
    %wait E_0000021c7e489e30;
    %load/vec4 v0000021c7e483300_0;
    %flag_set/vec4 8;
    %jmp/0xz  T_0.0, 8;
    %pushi/vec4 0, 0, 3;
    %assign/vec4 v0000021c7e4369b0_0, 0;
    %pushi/vec4 0, 0, 1;
    %assign/vec4 v0000021c7e4834e0_0, 0;
    %pushi/vec4 0, 0, 1;
    %assign/vec4 v0000021c7e483440_0, 0;
    %pushi/vec4 0, 0, 3;
    %assign/vec4 v0000021c7e43be90_0, 0;
    %pushi/vec4 0, 0, 4;
    %assign/vec4 v0000021c7e483620_0, 0;
    %pushi/vec4 0, 0, 8;
    %assign/vec4 v0000021c7e483580_0, 0;
    %jmp T_0.1;
T_0.0 ;
    %load/vec4 v0000021c7e483260_0;
    %assign/vec4 v0000021c7e4369b0_0, 0;
    %load/vec4 v0000021c7e4369b0_0;
    %dup/vec4;
    %pushi/vec4 0, 0, 3;
    %cmp/u;
    %jmp/1 T_0.2, 6;
    %dup/vec4;
    %pushi/vec4 1, 0, 3;
    %cmp/u;
    %jmp/1 T_0.3, 6;
    %jmp T_0.4;
T_0.2 ;
    %pushi/vec4 0, 0, 1;
    %assign/vec4 v0000021c7e4834e0_0, 0;
    %load/vec4 v0000021c7e4833a0_0;
    %nor/r;
    %flag_set/vec4 8;
    %jmp/0xz  T_0.5, 8;
    %pushi/vec4 0, 0, 1;
    %assign/vec4 v0000021c7e483440_0, 0;
    %pushi/vec4 0, 0, 3;
    %assign/vec4 v0000021c7e43be90_0, 0;
    %pushi/vec4 0, 0, 4;
    %assign/vec4 v0000021c7e483620_0, 0;
    %pushi/vec4 0, 0, 8;
    %assign/vec4 v0000021c7e483580_0, 0;
T_0.5 ;
    %jmp T_0.4;
T_0.3 ;
    %jmp T_0.4;
T_0.4 ;
    %pop/vec4 1;
T_0.1 ;
    %jmp T_0;
    .thread T_0;
    .scope S_0000021c7e436660;
T_1 ;
    %wait E_0000021c7e489e70;
    %load/vec4 v0000021c7e4369b0_0;
    %store/vec4 v0000021c7e483260_0, 0, 3;
    %load/vec4 v0000021c7e4369b0_0;
    %dup/vec4;
    %pushi/vec4 0, 0, 3;
    %cmp/u;
    %jmp/1 T_1.0, 6;
    %dup/vec4;
    %pushi/vec4 1, 0, 3;
    %cmp/u;
    %jmp/1 T_1.1, 6;
    %dup/vec4;
    %pushi/vec4 2, 0, 3;
    %cmp/u;
    %jmp/1 T_1.2, 6;
    %dup/vec4;
    %pushi/vec4 3, 0, 3;
    %cmp/u;
    %jmp/1 T_1.3, 6;
    %dup/vec4;
    %pushi/vec4 4, 0, 3;
    %cmp/u;
    %jmp/1 T_1.4, 6;
    %pushi/vec4 0, 0, 3;
    %store/vec4 v0000021c7e483260_0, 0, 3;
    %jmp T_1.6;
T_1.0 ;
    %load/vec4 v0000021c7e4833a0_0;
    %nor/r;
    %flag_set/vec4 8;
    %jmp/0xz  T_1.7, 8;
    %pushi/vec4 1, 0, 3;
    %store/vec4 v0000021c7e483260_0, 0, 3;
T_1.7 ;
    %jmp T_1.6;
T_1.1 ;
    %load/vec4 v0000021c7e436ca0_0;
    %flag_set/vec4 8;
    %jmp/0xz  T_1.9, 8;
    %load/vec4 v0000021c7e483620_0;
    %pad/u 32;
    %cmpi/e 1, 0, 32;
    %jmp/0xz  T_1.11, 4;
    %pushi/vec4 2, 0, 3;
    %store/vec4 v0000021c7e483260_0, 0, 3;
T_1.11 ;
T_1.9 ;
    %jmp T_1.6;
T_1.2 ;
    %load/vec4 v0000021c7e436ca0_0;
    %flag_set/vec4 8;
    %jmp/0xz  T_1.13, 8;
    %load/vec4 v0000021c7e43be90_0;
    %pad/u 32;
    %cmpi/e 8, 0, 32;
    %jmp/0xz  T_1.15, 4;
    %pushi/vec4 3, 0, 3;
    %store/vec4 v0000021c7e483260_0, 0, 3;
T_1.15 ;
T_1.13 ;
    %jmp T_1.6;
T_1.3 ;
    %load/vec4 v0000021c7e436ca0_0;
    %flag_set/vec4 8;
    %jmp/0xz  T_1.17, 8;
    %pushi/vec4 4, 0, 3;
    %store/vec4 v0000021c7e483260_0, 0, 3;
T_1.17 ;
    %jmp T_1.6;
T_1.4 ;
    %pushi/vec4 0, 0, 3;
    %store/vec4 v0000021c7e483260_0, 0, 3;
    %jmp T_1.6;
T_1.6 ;
    %pop/vec4 1;
    %jmp T_1;
    .thread T_1, $push;
# The file index is used to find the file name in the following table.
:file_names 3;
    "N/A";
    "<interactive>";
    "UART_Rx.v";
